#
# There is insufficient memory for the Java Runtime Environment to continue.
# Native memory allocation (mmap) failed to map 268435456 bytes. Error detail: G1 virtual space
# Possible reasons:
#   The system is out of physical RAM or swap space
#   This process is running with CompressedOops enabled, and the Java Heap may be blocking the growth of the native heap
# Possible solutions:
#   Reduce memory load on the system
#   Increase physical memory or swap space
#   Check if swap backing store is full
#   Decrease Java heap size (-Xmx/-Xms)
#   Decrease number of Java threads
#   Decrease Java thread stack sizes (-Xss)
#   Set larger code cache with -XX:ReservedCodeCacheSize=
#   JVM is running with Zero Based Compressed Oops mode in which the Java heap is
#     placed in the first 32GB address space. The Java Heap base address is the
#     maximum limit for the native heap growth. Please use -XX:HeapBaseMinAddress
#     to set the Java Heap base and to place the Java Heap above 32GB virtual address.
# This output file may be truncated or incomplete.
#
#  Out of Memory Error (os_windows.cpp:3613), pid=4520, tid=8756
#
# JRE version:  (17.0.11+9) (build )
# Java VM: OpenJDK 64-Bit Server VM (17.0.11+9-LTS, mixed mode, sharing, tiered, compressed oops, compressed class ptrs, g1 gc, windows-amd64)
# No core dump will be written. Minidumps are not enabled by default on client versions of Windows
#

---------------  S U M M A R Y ------------

Command Line: org.jetbrains.kotlin.cli.jvm.K2JVMCompiler @C:\01\node_modules\react-native-gesture-handler\android\build\20241218_4540133446076408822.compiler.options

Host: Intel(R) Core(TM) i5-6500 CPU @ 3.20GHz, 4 cores, 15G,  Windows 10 , 64 bit Build 19041 (10.0.19041.5198)
Time: Wed Dec 18 15:22:51 2024 India Standard Time elapsed time: 0.014286 seconds (0d 0h 0m 0s)

---------------  T H R E A D  ---------------

Current thread (0x000002266ab62300):  JavaThread "Unknown thread" [_thread_in_vm, id=8756, stack(0x0000006f79600000,0x0000006f79700000)]

Stack: [0x0000006f79600000,0x0000006f79700000]
Native frames: (J=compiled Java code, j=interpreted, Vv=VM code, C=native code)
V  [jvm.dll+0x67f6d9]
V  [jvm.dll+0x83773a]
V  [jvm.dll+0x8391fe]
V  [jvm.dll+0x839863]
V  [jvm.dll+0x247fbf]
V  [jvm.dll+0x67c519]
V  [jvm.dll+0x670f8a]
V  [jvm.dll+0x309bdb]
V  [jvm.dll+0x311086]
V  [jvm.dll+0x360a6e]
V  [jvm.dll+0x360c9f]
V  [jvm.dll+0x2e0928]
V  [jvm.dll+0x2e1894]
V  [jvm.dll+0x8090e1]
V  [jvm.dll+0x36e7c1]
V  [jvm.dll+0x7e7b06]
V  [jvm.dll+0x3f202f]
V  [jvm.dll+0x3f3b81]
C  [jli.dll+0x528f]
C  [ucrtbase.dll+0x21bb2]
C  [KERNEL32.DLL+0x17374]
C  [ntdll.dll+0x4cc91]


---------------  P R O C E S S  ---------------

Threads class SMR info:
_java_thread_list=0x00007ffca4492f18, length=0, elements={
}

Java Threads: ( => current thread )

Other Threads:
  0x000002266abcc3e0 GCTaskThread "GC Thread#0" [stack: 0x0000006f79700000,0x0000006f79800000] [id=17768]
  0x000002266abdd170 ConcurrentGCThread "G1 Main Marker" [stack: 0x0000006f79800000,0x0000006f79900000] [id=3440]
  0x000002266abddb90 ConcurrentGCThread "G1 Conc#0" [stack: 0x0000006f79900000,0x0000006f79a00000] [id=7020]

[error occurred during error reporting (printing all threads), id 0xc0000005, EXCEPTION_ACCESS_VIOLATION (0xc0000005) at pc=0x00007ffca3c51367]

VM state: not at safepoint (not fully initialized)

VM Mutex/Monitor currently owned by a thread:  ([mutex/lock_event])
[0x000002266ab5cf90] Heap_lock - owner thread: 0x000002266ab62300

Heap address: 0x0000000701c00000, size: 4068 MB, Compressed Oops mode: Zero based, Oop shift amount: 3

CDS archive(s) mapped at: [0x0000000000000000-0x0000000000000000-0x0000000000000000), size 0, SharedBaseAddress: 0x0000000800000000, ArchiveRelocationMode: 1.
Narrow klass base: 0x0000000000000000, Narrow klass shift: 0, Narrow klass range: 0x0

GC Precious Log:
<Empty>

Heap:
 garbage-first heap   total 0K, used 0K [0x0000000701c00000, 0x0000000800000000)
  region size 2048K, 0 young (0K), 0 survivors (0K)

[error occurred during error reporting (printing heap information), id 0xc0000005, EXCEPTION_ACCESS_VIOLATION (0xc0000005) at pc=0x00007ffca4039a59]

GC Heap History (0 events):
No events

Dll operation events (1 events):
Event: 0.009 Loaded shared library C:\Program Files\Microsoft\jdk-17.0.11.9-hotspot\bin\java.dll

Deoptimization events (0 events):
No events

Classes unloaded (0 events):
No events

Classes redefined (0 events):
No events

Internal exceptions (0 events):
No events

VM Operations (0 events):
No events

Events (0 events):
No events


Dynamic libraries:
0x00007ff750220000 - 0x00007ff75022e000 	C:\Program Files\Microsoft\jdk-17.0.11.9-hotspot\bin\java.exe
0x00007ffd274f0000 - 0x00007ffd276e8000 	C:\WINDOWS\SYSTEM32\ntdll.dll
0x00007ffd26710000 - 0x00007ffd267d2000 	C:\WINDOWS\System32\KERNEL32.DLL
0x00007ffd24d00000 - 0x00007ffd24ffe000 	C:\WINDOWS\System32\KERNELBASE.dll
0x00007ffd25370000 - 0x00007ffd25470000 	C:\WINDOWS\System32\ucrtbase.dll
0x00007ffd11750000 - 0x00007ffd11767000 	C:\Program Files\Microsoft\jdk-17.0.11.9-hotspot\bin\jli.dll
0x00007ffd11730000 - 0x00007ffd1174b000 	C:\Program Files\Microsoft\jdk-17.0.11.9-hotspot\bin\VCRUNTIME140.dll
0x00007ffd267e0000 - 0x00007ffd2697d000 	C:\WINDOWS\System32\USER32.dll
0x00007ffd24cd0000 - 0x00007ffd24cf2000 	C:\WINDOWS\System32\win32u.dll
0x00007ffd266e0000 - 0x00007ffd2670b000 	C:\WINDOWS\System32\GDI32.dll
0x00007ffd25200000 - 0x00007ffd25317000 	C:\WINDOWS\System32\gdi32full.dll
0x00007ffd171c0000 - 0x00007ffd1745a000 	C:\WINDOWS\WinSxS\amd64_microsoft.windows.common-controls_6595b64144ccf1df_6.0.19041.4355_none_60b8b9eb71f62e16\COMCTL32.dll
0x00007ffd25e30000 - 0x00007ffd25ece000 	C:\WINDOWS\System32\msvcrt.dll
0x00007ffd25470000 - 0x00007ffd2550d000 	C:\WINDOWS\System32\msvcp_win.dll
0x00007ffd27120000 - 0x00007ffd2714f000 	C:\WINDOWS\System32\IMM32.DLL
0x00007ffd117b0000 - 0x00007ffd117bc000 	C:\Program Files\Microsoft\jdk-17.0.11.9-hotspot\bin\vcruntime140_1.dll
0x00007ffcff800000 - 0x00007ffcff88d000 	C:\Program Files\Microsoft\jdk-17.0.11.9-hotspot\bin\msvcp140.dll
0x00007ffca3960000 - 0x00007ffca45c6000 	C:\Program Files\Microsoft\jdk-17.0.11.9-hotspot\bin\server\jvm.dll
0x00007ffd272c0000 - 0x00007ffd27371000 	C:\WINDOWS\System32\ADVAPI32.dll
0x00007ffd26640000 - 0x00007ffd266df000 	C:\WINDOWS\System32\sechost.dll
0x00007ffd25a30000 - 0x00007ffd25b53000 	C:\WINDOWS\System32\RPCRT4.dll
0x00007ffd251d0000 - 0x00007ffd251f7000 	C:\WINDOWS\System32\bcrypt.dll
0x00007ffd24940000 - 0x00007ffd2498b000 	C:\WINDOWS\SYSTEM32\POWRPROF.dll
0x00007ffd11720000 - 0x00007ffd11729000 	C:\WINDOWS\SYSTEM32\WSOCK32.dll
0x00007ffd270b0000 - 0x00007ffd2711b000 	C:\WINDOWS\System32\WS2_32.dll
0x00007ffd12780000 - 0x00007ffd127a7000 	C:\WINDOWS\SYSTEM32\WINMM.dll
0x00007ffd1f040000 - 0x00007ffd1f04a000 	C:\WINDOWS\SYSTEM32\VERSION.dll
0x00007ffd24920000 - 0x00007ffd24932000 	C:\WINDOWS\SYSTEM32\UMPDC.dll
0x00007ffd229f0000 - 0x00007ffd22a02000 	C:\WINDOWS\SYSTEM32\kernel.appcore.dll
0x00007ffd11710000 - 0x00007ffd1171a000 	C:\Program Files\Microsoft\jdk-17.0.11.9-hotspot\bin\jimage.dll
0x00007ffd0ea50000 - 0x00007ffd0ec34000 	C:\WINDOWS\SYSTEM32\DBGHELP.DLL
0x00007ffd0e2f0000 - 0x00007ffd0e324000 	C:\WINDOWS\SYSTEM32\dbgcore.DLL
0x00007ffd24b90000 - 0x00007ffd24c12000 	C:\WINDOWS\System32\bcryptPrimitives.dll
0x00007ffd116e0000 - 0x00007ffd11705000 	C:\Program Files\Microsoft\jdk-17.0.11.9-hotspot\bin\java.dll

dbghelp: loaded successfully - version: 4.0.5 - missing functions: none
symbol engine: initialized successfully - sym options: 0x614 - pdb path: .;C:\Program Files\Microsoft\jdk-17.0.11.9-hotspot\bin;C:\WINDOWS\SYSTEM32;C:\WINDOWS\WinSxS\amd64_microsoft.windows.common-controls_6595b64144ccf1df_6.0.19041.4355_none_60b8b9eb71f62e16;C:\Program Files\Microsoft\jdk-17.0.11.9-hotspot\bin\server

VM Arguments:
java_command: org.jetbrains.kotlin.cli.jvm.K2JVMCompiler @C:\01\node_modules\react-native-gesture-handler\android\build\20241218_4540133446076408822.compiler.options
java_class_path (initial): C:\Users\Dell\.gradle\caches\modules-2\files-2.1\org.jetbrains.kotlin\kotlin-compiler-embeddable\1.9.24\78dab849090e6c5e2eadb6e59a11cdc28fb67a08\kotlin-compiler-embeddable-1.9.24.jar;C:\Users\Dell\.gradle\caches\modules-2\files-2.1\org.jetbrains.kotlin\kotlin-stdlib\1.9.24\9928532f12c66ad816a625b3f9984f8368ca6d2b\kotlin-stdlib-1.9.24.jar;C:\Users\Dell\.gradle\caches\modules-2\files-2.1\org.jetbrains.kotlin\kotlin-script-runtime\1.9.24\96771497da90fbc5af1c90fce148db2595a62502\kotlin-script-runtime-1.9.24.jar;C:\Users\Dell\.gradle\caches\modules-2\files-2.1\org.jetbrains.kotlin\kotlin-reflect\1.6.10\1cbe9c92c12a94eea200d23c2bbaedaf3daf5132\kotlin-reflect-1.6.10.jar;C:\Users\Dell\.gradle\caches\modules-2\files-2.1\org.jetbrains.kotlin\kotlin-daemon-embeddable\1.9.24\86685b9c5e8d170925bd9ddbdc263374a6a73281\kotlin-daemon-embeddable-1.9.24.jar;C:\Users\Dell\.gradle\caches\modules-2\files-2.1\org.jetbrains.intellij.deps\trove4j\1.0.20200330\3afb14d5f9ceb459d724e907a21145e8ff394f02\trove4j-1.0.20200330.jar;C:\Users\Dell\.gradle\caches\modules-2\files-2.1\org.jetbrains\annotations\13.0\919f0dfe192fb4e063e7dacadee7f8bb9a2672a9\annotations-13.0.jar
Launcher Type: SUN_STANDARD

[Global flags]
     intx CICompilerCount                          = 3                                         {product} {ergonomic}
     uint ConcGCThreads                            = 1                                         {product} {ergonomic}
     uint G1ConcRefinementThreads                  = 4                                         {product} {ergonomic}
   size_t G1HeapRegionSize                         = 2097152                                   {product} {ergonomic}
    uintx GCDrainStackTargetSize                   = 64                                        {product} {ergonomic}
   size_t InitialHeapSize                          = 268435456                                 {product} {ergonomic}
   size_t MarkStackSize                            = 4194304                                   {product} {ergonomic}
   size_t MaxHeapSize                              = 4265607168                                {product} {ergonomic}
   size_t MinHeapDeltaBytes                        = 2097152                                   {product} {ergonomic}
   size_t MinHeapSize                              = 8388608                                   {product} {ergonomic}
    uintx NonNMethodCodeHeapSize                   = 5832780                                {pd product} {ergonomic}
    uintx NonProfiledCodeHeapSize                  = 122912730                              {pd product} {ergonomic}
    uintx ProfiledCodeHeapSize                     = 122912730                              {pd product} {ergonomic}
    uintx ReservedCodeCacheSize                    = 251658240                              {pd product} {ergonomic}
     bool SegmentedCodeCache                       = true                                      {product} {ergonomic}
   size_t SoftMaxHeapSize                          = 4265607168                             {manageable} {ergonomic}
     bool UseCompressedClassPointers               = true                           {product lp64_product} {ergonomic}
     bool UseCompressedOops                        = true                           {product lp64_product} {ergonomic}
     bool UseG1GC                                  = true                                      {product} {ergonomic}
     bool UseLargePagesIndividualAllocation        = false                                  {pd product} {ergonomic}

Logging:
Log output configuration:
 #0: stdout all=warning uptime,level,tags
 #1: stderr all=off uptime,level,tags

Environment Variables:
JAVA_HOME=C:\Program Files\Microsoft\jdk-17.0.11.9-hotspot\
CLASSPATH=C:\01\android\\gradle\wrapper\gradle-wrapper.jar
PATH=C:\01\node_modules\.bin;C:\01\node_modules\.bin;C:\node_modules\.bin;C:\Program Files\nodejs\node_modules\npm\node_modules\@npmcli\run-script\lib\node-gyp-bin;C:\Python312\Scripts\;C:\Python312\;C:\Program Files\Microsoft\jdk-17.0.11.9-hotspot\bin;C:\WINDOWS\system32;C:\WINDOWS;C:\WINDOWS\System32\Wbem;C:\WINDOWS\System32\WindowsPowerShell\v1.0\;C:\WINDOWS\System32\OpenSSH\;C:\Program Files\MongoDB\Server\6.0\bin;C:\data\db;D:\Program Files\Git\cmd;D:\mongodb-database-tools-windows-x86_64-100.7.0\mongodb-database-tools-windows-x86_64-100.7.0\bin;C:\Program Files\dotnet\;D:\mongosh-1.8.0-win32-x64\bin;C:\Program Files\PuTTY\;C:\xampp\php;C:\ProgramData\ComposerSetup\bin;C:\data\mongodb-database-tools-windows-x86_64-100.7.0\bin;;C:\ProgramData\chocolatey\bin;C:\Users\Dell\AppData\Local\Android\Sdk\platform-tools;C:\Program Files\nodejs\;C:\Users\Dell\AppData\Local\Android\Sdk\tools;C:\Users\Dell\AppData\Local\Microsoft\WindowsApps;C:\Program Files\MongoDB\Server\6.0\bin;C:\data\db;D:\Users\Dell\AppData\Local\Programs\Microsoft VS Code\bin;C:\xampp\php;C:\ProgramData\ComposerSetup\bin;C:\Users\Dell\AppData\Roaming\Composer\vendor\bin;C:\data\mongodb-database-tools-windows-x86_64-100.7.0\bin;C:\Users\Dell\AppData\Roaming\npm
USERNAME=Dell
LANG=en_US.UTF-8
OS=Windows_NT
PROCESSOR_IDENTIFIER=Intel64 Family 6 Model 94 Stepping 3, GenuineIntel
TMP=C:\Users\Dell\AppData\Local\Temp
TEMP=C:\Users\Dell\AppData\Local\Temp



Periodic native trim disabled


---------------  S Y S T E M  ---------------

OS:
 Windows 10 , 64 bit Build 19041 (10.0.19041.5198)
OS uptime: 2 days 4:55 hours
Hyper-V role detected

CPU: total 4 (initial active 4) (4 cores per cpu, 1 threads per core) family 6 model 94 stepping 3 microcode 0xf2, cx8, cmov, fxsr, mmx, 3dnowpref, sse, sse2, sse3, ssse3, sse4.1, sse4.2, popcnt, lzcnt, tsc, tscinvbit, avx, avx2, aes, erms, clmul, bmi1, bmi2, rtm, adx, fma, vzeroupper, clflush, clflushopt, hv
Processor Information for all 4 processors :
  Max Mhz: 3192, Current Mhz: 3192, Mhz Limit: 3192

Memory: 4k page, system-wide physical 16267M (1443M free)
TotalPageFile size 46267M (AvailPageFile size 245M)
current process WorkingSet (physical memory assigned to process): 10M, peak: 10M
current process commit charge ("private bytes"): 52M, peak: 308M

vm_info: OpenJDK 64-Bit Server VM (17.0.11+9-LTS) for windows-amd64 JRE (17.0.11+9-LTS), built on Apr  9 2024 22:05:54 by "MicrosoftCorporation" with MS VC++ 16.10 / 16.11 (VS2019)

END.
